<?xml version="1.0" encoding="UTF-8"?>
<!-- Generated by org.testng.reporters.JUnitReportReporter -->
<testsuite hostname="DESKTOP-T0DGFL0" failures="0" tests="3" name="com.adactinproject.testcases.BookingConfirmationPageTest" time="33.536" errors="0" timestamp="10 Mar 2024 23:20:07 GMT" skipped="0">
  <testcase classname="com.adactinproject.testcases.BookingConfirmationPageTest" name="BookingConfirmationPageTitle" time="6.834"/>
  <testcase classname="com.adactinproject.testcases.BookingConfirmationPageTest" name="orderNoTest" time="11.367"/>
  <testcase classname="com.adactinproject.testcases.BookingConfirmationPageTest" name="myItineraryTest" time="15.335"/>
</testsuite> <!-- com.adactinproject.testcases.BookingConfirmationPageTest -->
