<?xml version="1.0" encoding="UTF-8"?>
<!-- Generated by org.testng.reporters.JUnitReportReporter -->
<testsuite hostname="DESKTOP-T0DGFL0" failures="0" tests="3" name="com.adactinproject.testcases.SearchHotelTest" time="18.043" errors="0" timestamp="11 Mar 2024 05:08:50 GMT" skipped="0">
  <testcase classname="com.adactinproject.testcases.SearchHotelTest" name="selectDropDownValues" time="7.690"/>
  <testcase classname="com.adactinproject.testcases.SearchHotelTest" name="searchHotelPageTitleTest" time="5.904"/>
  <testcase classname="com.adactinproject.testcases.SearchHotelTest" name="userName" time="4.449"/>
</testsuite> <!-- com.adactinproject.testcases.SearchHotelTest -->
