<?xml version="1.0" encoding="UTF-8"?>
<!-- Generated by org.testng.reporters.JUnitReportReporter -->
<testsuite hostname="DESKTOP-T0DGFL0" failures="0" tests="2" name="com.adactinproject.testcases.SelectHotelTest" time="9.104" errors="0" timestamp="10 Mar 2024 22:46:22 GMT" skipped="0">
  <testcase classname="com.adactinproject.testcases.SelectHotelTest" name="validateSelectHotelTitlePage" time="4.113"/>
  <testcase classname="com.adactinproject.testcases.SelectHotelTest" name="SelectHotelBtn" time="4.991"/>
</testsuite> <!-- com.adactinproject.testcases.SelectHotelTest -->
