<?xml version="1.0" encoding="UTF-8"?>
<!-- Generated by org.testng.reporters.JUnitReportReporter -->
<testsuite hostname="DESKTOP-T0DGFL0" failures="0" tests="3" name="com.adactinproject.testcases.BookingConfirmationPageTest" time="48.350" errors="0" timestamp="13 Mar 2024 00:54:19 GMT" skipped="0">
  <testcase classname="com.adactinproject.testcases.BookingConfirmationPageTest" name="orderNoTest" time="17.155"/>
  <testcase classname="com.adactinproject.testcases.BookingConfirmationPageTest" name="BookingConfirmationPageTitle" time="12.810"/>
  <testcase classname="com.adactinproject.testcases.BookingConfirmationPageTest" name="myItineraryTest" time="18.385"/>
</testsuite> <!-- com.adactinproject.testcases.BookingConfirmationPageTest -->
