<?xml version="1.0" encoding="UTF-8"?>
<!-- Generated by org.testng.reporters.JUnitReportReporter -->
<testsuite hostname="DESKTOP-T0DGFL0" failures="0" tests="2" name="com.adactinproject.testcases.SelectHotelTest" time="18.513" errors="0" timestamp="11 Mar 2024 05:10:50 GMT" skipped="0">
  <testcase classname="com.adactinproject.testcases.SelectHotelTest" name="validateSelectHotelTitlePage" time="8.532"/>
  <testcase classname="com.adactinproject.testcases.SelectHotelTest" name="SelectHotelBtn" time="9.981"/>
</testsuite> <!-- com.adactinproject.testcases.SelectHotelTest -->
