<?xml version="1.0" encoding="UTF-8"?>
<!-- Generated by org.testng.reporters.JUnitReportReporter -->
<testsuite hostname="DESKTOP-T0DGFL0" failures="0" tests="3" name="com.adactinproject.testcases.BookAHotelPageTest" time="30.733" errors="0" timestamp="11 Mar 2024 05:12:11 GMT" skipped="0">
  <testcase classname="com.adactinproject.testcases.BookAHotelPageTest" name="bookAHotelPageTitleTest" time="9.486"/>
  <testcase classname="com.adactinproject.testcases.BookAHotelPageTest" name="userDetailsTest" time="11.626"/>
  <testcase classname="com.adactinproject.testcases.BookAHotelPageTest" name="creditCardDetailsTest" time="9.621"/>
</testsuite> <!-- com.adactinproject.testcases.BookAHotelPageTest -->
