<?xml version="1.0" encoding="UTF-8"?>
<!-- Generated by org.testng.reporters.JUnitReportReporter -->
<testsuite hostname="DESKTOP-T0DGFL0" failures="0" tests="3" name="com.adactinproject.testcases.BookAHotelPageTest" time="14.753" errors="0" timestamp="10 Mar 2024 23:06:02 GMT" skipped="0">
  <testcase classname="com.adactinproject.testcases.BookAHotelPageTest" name="userDetailsTest" time="5.132"/>
  <testcase classname="com.adactinproject.testcases.BookAHotelPageTest" name="bookAHotelPageTitleTest" time="4.271"/>
  <testcase classname="com.adactinproject.testcases.BookAHotelPageTest" name="creditCardDetailsTest" time="5.350"/>
</testsuite> <!-- com.adactinproject.testcases.BookAHotelPageTest -->
