<?xml version="1.0" encoding="UTF-8"?>
<!-- Generated by org.testng.reporters.JUnitReportReporter -->
<testsuite hostname="DESKTOP-T0DGFL0" failures="0" tests="1" name="com.adactinproject.testcases.SearchHotelTest" time="5.382" errors="0" timestamp="10 Mar 2024 23:30:13 GMT" skipped="0">
  <testcase classname="com.adactinproject.testcases.SearchHotelTest" name="selectDropDownValues" time="5.382"/>
</testsuite> <!-- com.adactinproject.testcases.SearchHotelTest -->
