<?xml version="1.0" encoding="UTF-8"?>
<!-- Generated by org.testng.reporters.JUnitReportReporter -->
<testsuite hostname="DESKTOP-T0DGFL0" failures="0" tests="3" name="com.adactinproject.testcases.LoginPageTest" time="14.924" errors="0" timestamp="11 Mar 2024 05:07:33 GMT" skipped="0">
  <testcase classname="com.adactinproject.testcases.LoginPageTest" name="loginPageTitleTest" time="3.612"/>
  <testcase classname="com.adactinproject.testcases.LoginPageTest" name="logoImageTest" time="3.820"/>
  <testcase classname="com.adactinproject.testcases.LoginPageTest" name="loginTest" time="7.492"/>
</testsuite> <!-- com.adactinproject.testcases.LoginPageTest -->
