<?xml version="1.0" encoding="UTF-8"?>
<!-- Generated by org.testng.reporters.JUnitReportReporter -->
<testsuite hostname="DESKTOP-T0DGFL0" failures="0" tests="2" name="com.adactinproject.testcases.BookedItineraryPageTest" time="37.825" errors="0" timestamp="13 Mar 2024 00:52:37 GMT" skipped="0">
  <testcase classname="com.adactinproject.testcases.BookedItineraryPageTest" name="clickheretologinagainlinkTest" time="17.457"/>
  <testcase classname="com.adactinproject.testcases.BookedItineraryPageTest" name="bookedItineraryPageTitleTest" time="20.368"/>
</testsuite> <!-- com.adactinproject.testcases.BookedItineraryPageTest -->
