<?xml version="1.0" encoding="UTF-8"?>
<!-- Generated by org.testng.reporters.JUnitReportReporter -->
<testsuite hostname="DESKTOP-T0DGFL0" failures="0" tests="3" name="com.adactinproject.testcases.LoginPageTest" time="11.892" errors="0" timestamp="10 Mar 2024 22:28:27 GMT" skipped="0">
  <testcase classname="com.adactinproject.testcases.LoginPageTest" name="loginPageTitleTest" time="6.377"/>
  <testcase classname="com.adactinproject.testcases.LoginPageTest" name="logoImageTest" time="2.554"/>
  <testcase classname="com.adactinproject.testcases.LoginPageTest" name="loginTest" time="2.961"/>
</testsuite> <!-- com.adactinproject.testcases.LoginPageTest -->
