<?xml version="1.0" encoding="UTF-8"?>
<!-- Generated by org.testng.reporters.JUnitReportReporter -->
<testsuite hostname="DESKTOP-T0DGFL0" failures="0" tests="3" name="com.adactinproject.testcases.NewUserRegistrationPageTest" time="25.778" errors="0" timestamp="11 Mar 2024 05:08:17 GMT" skipped="0">
  <testcase classname="com.adactinproject.testcases.NewUserRegistrationPageTest" name="logoImageTest" time="3.710"/>
  <testcase classname="com.adactinproject.testcases.NewUserRegistrationPageTest" name="NewUserRegistrationPageTitleTest" time="4.968"/>
  <testcase classname="com.adactinproject.testcases.NewUserRegistrationPageTest" name="enterUserDetails" time="17.100"/>
</testsuite> <!-- com.adactinproject.testcases.NewUserRegistrationPageTest -->
