<?xml version="1.0" encoding="UTF-8"?>
<!-- Generated by org.testng.reporters.JUnitReportReporter -->
<testsuite hostname="DESKTOP-T0DGFL0" failures="0" tests="3" name="com.adactinproject.testcases.LoginPageTest" time="8.635" errors="0" timestamp="07 Mar 2024 05:32:01 GMT" skipped="0">
  <testcase classname="com.adactinproject.testcases.LoginPageTest" name="loginPageTitleTest" time="3.662"/>
  <testcase classname="com.adactinproject.testcases.LoginPageTest" name="logoImageTest" time="2.278"/>
  <testcase classname="com.adactinproject.testcases.LoginPageTest" name="loginTest" time="2.695"/>
</testsuite> <!-- com.adactinproject.testcases.LoginPageTest -->
